SF:lib/modules/home/bloc/home_state.dart
DA:4,1
DA:5,1
DA:6,1
DA:16,1
DA:17,1
DA:18,2
LF:6
LH:6
end_of_record
SF:lib/modules/home/bloc/home_bloc.dart
DA:10,3
DA:11,2
DA:12,2
DA:13,2
DA:16,1
DA:22,1
DA:24,2
DA:27,1
DA:29,0
DA:30,0
DA:32,3
DA:35,1
DA:36,3
DA:37,3
DA:38,2
DA:39,0
DA:41,2
DA:43,1
DA:44,3
DA:47,1
DA:48,2
DA:49,2
DA:50,3
DA:51,7
DA:52,1
DA:53,3
DA:56,1
DA:57,2
DA:58,1
DA:59,4
DA:60,2
DA:61,1
DA:62,4
DA:63,4
DA:66,1
DA:67,2
DA:68,3
DA:69,3
DA:70,3
LF:39
LH:36
end_of_record
SF:lib/modules/home/bloc/home_event.dart
DA:4,3
DA:5,0
DA:6,0
DA:10,2
DA:15,1
DA:16,0
DA:17,0
DA:21,2
LF:8
LH:4
end_of_record
SF:lib/app.dart
DA:9,0
DA:11,0
DA:12,0
DA:17,0
DA:19,0
DA:20,0
DA:23,0
DA:24,0
DA:25,0
DA:28,0
DA:30,0
DA:32,0
DA:33,0
DA:34,0
DA:37,0
DA:44,0
DA:45,0
DA:50,0
DA:51,0
DA:55,0
DA:58,0
LF:21
LH:0
end_of_record
SF:lib/bloc_generator.dart
DA:5,0
DA:6,0
DA:7,0
LF:3
LH:0
end_of_record
SF:lib/modules/core/utils/app_colors.dart
DA:8,0
DA:9,0
DA:11,0
DA:12,0
LF:4
LH:0
end_of_record
SF:lib/modules/core/utils/common_service.dart
DA:4,0
DA:5,0
DA:7,0
DA:11,0
DA:12,0
DA:13,0
LF:6
LH:0
end_of_record
SF:lib/modules/core/utils/navigator_key.dart
DA:5,0
DA:6,0
DA:7,0
LF:3
LH:0
end_of_record
SF:lib/modules/core/utils/route_generator.dart
DA:8,0
DA:9,0
DA:10,0
DA:11,0
DA:12,0
DA:13,0
DA:16,0
DA:17,0
DA:19,0
DA:23,0
DA:24,0
LF:11
LH:0
end_of_record
SF:lib/modules/home/view/screen_home.dart
DA:5,1
DA:7,0
DA:8,0
DA:13,0
DA:15,0
DA:16,0
DA:19,0
DA:21,0
DA:22,0
DA:23,0
DA:25,0
DA:26,0
DA:27,0
DA:29,0
DA:30,0
DA:31,0
DA:32,0
DA:33,0
DA:34,0
DA:35,0
DA:40,0
DA:41,0
DA:42,0
DA:43,0
DA:44,0
DA:45,0
DA:51,0
DA:52,0
DA:53,0
DA:54,0
DA:55,0
DA:57,0
DA:58,0
DA:59,0
DA:60,0
DA:78,0
DA:80,0
DA:82,0
DA:83,0
DA:84,0
DA:85,0
LF:41
LH:1
end_of_record
SF:lib/modules/splash/view/screen_splash.dart
DA:5,1
DA:7,0
DA:8,0
DA:12,0
DA:14,0
DA:15,0
DA:18,0
DA:19,0
DA:20,0
DA:21,0
DA:23,0
DA:28,0
DA:30,0
DA:32,0
DA:33,0
DA:35,0
LF:16
LH:1
end_of_record
